<?xml version="1.0" encoding="UTF-8"?>
<!-- Generated by org.testng.reporters.JUnitXMLReporter -->
<testsuite hostname="LAPTOP-H9GOMJJ8" ignored="0" name="Test" tests="4" failures="0" timestamp="2022-01-19T19:34:49 IST" time="97.787" errors="0">
  <testcase name="Login" time="6.54" classname="Tests.TestClass"/>
  <testcase name="CreateProductsInInventory" time="39.611" classname="Tests.TestClass"/>
  <testcase name="NavigateToManufacturing" time="2.27" classname="Tests.TestClass"/>
  <testcase name="CreateManufacturing" time="44.043" classname="Tests.TestClass"/>
</testsuite> <!-- Test -->
