<?xml version="1.0" encoding="UTF-8"?>
<testng-results skipped="0" failed="0" ignored="0" total="4" passed="4">
  <reporter-output>
  </reporter-output>
  <suite name="Suite" duration-ms="97787" started-at="2022-01-19T19:33:11 IST" finished-at="2022-01-19T19:34:49 IST">
    <groups>
    </groups>
    <test name="Test" duration-ms="97787" started-at="2022-01-19T19:33:11 IST" finished-at="2022-01-19T19:34:49 IST">
      <class name="Tests.TestClass">
        <test-method status="PASS" signature="setUp()[pri:0, instance:Tests.TestClass@37858383]" name="setUp" is-config="true" duration-ms="4494" started-at="2022-01-19T19:33:11 IST" finished-at="2022-01-19T19:33:16 IST">
          <reporter-output>
          </reporter-output>
        </test-method> <!-- setUp -->
        <test-method status="PASS" signature="Login(java.lang.String,java.lang.String)[pri:0, instance:Tests.TestClass@37858383]" name="Login" duration-ms="6540" started-at="2022-01-19T19:33:16 IST" finished-at="2022-01-19T19:33:22 IST">
          <params>
            <param index="0">
              <value>
                <![CDATA[user@aspireapp.com]]>
              </value>
            </param>
            <param index="1">
              <value>
                <![CDATA[@sp1r3app]]>
              </value>
            </param>
          </params>
          <reporter-output>
          </reporter-output>
        </test-method> <!-- Login -->
        <test-method status="PASS" signature="CreateProductsInInventory()[pri:1, instance:Tests.TestClass@37858383]" name="CreateProductsInInventory" duration-ms="39611" started-at="2022-01-19T19:33:22 IST" finished-at="2022-01-19T19:34:02 IST">
          <reporter-output>
          </reporter-output>
        </test-method> <!-- CreateProductsInInventory -->
        <test-method status="PASS" signature="NavigateToManufacturing()[pri:2, instance:Tests.TestClass@37858383]" name="NavigateToManufacturing" duration-ms="2270" started-at="2022-01-19T19:34:02 IST" finished-at="2022-01-19T19:34:04 IST">
          <reporter-output>
          </reporter-output>
        </test-method> <!-- NavigateToManufacturing -->
        <test-method status="PASS" signature="CreateManufacturing()[pri:3, instance:Tests.TestClass@37858383]" name="CreateManufacturing" duration-ms="44043" started-at="2022-01-19T19:34:04 IST" finished-at="2022-01-19T19:34:48 IST">
          <reporter-output>
          </reporter-output>
        </test-method> <!-- CreateManufacturing -->
        <test-method status="PASS" signature="tearDown()[pri:0, instance:Tests.TestClass@37858383]" name="tearDown" is-config="true" duration-ms="750" started-at="2022-01-19T19:34:48 IST" finished-at="2022-01-19T19:34:49 IST">
          <reporter-output>
          </reporter-output>
        </test-method> <!-- tearDown -->
      </class> <!-- Tests.TestClass -->
    </test> <!-- Test -->
  </suite> <!-- Suite -->
</testng-results>
